[INFO ] 2023-04-20 00:50:42.197 [main] MyStoreV1 - url opened
[INFO ] 2023-04-20 00:50:42.234 [main] MyStoreV1 - ***************TestCase Verify Login starts*****************
[INFO ] 2023-04-20 00:50:43.745 [main] MyStoreV1 - Clicked on sign in link
[INFO ] 2023-04-20 00:50:43.954 [main] MyStoreV1 - Entered email address
[INFO ] 2023-04-20 00:50:44.111 [main] MyStoreV1 - Entered password
[INFO ] 2023-04-20 00:50:45.698 [main] MyStoreV1 - Clicked on sign in link..
[INFO ] 2023-04-20 00:50:45.755 [main] MyStoreV1 - VerifyLogin - Passed
[INFO ] 2023-04-20 00:50:47.317 [main] MyStoreV1 - ***************TestCase Verify Login ends*****************
[INFO ] 2023-04-20 00:55:22.497 [main] MyStoreV1 - url opened
[INFO ] 2023-04-20 00:55:22.536 [main] MyStoreV1 - ***************TestCase Verify Login starts*****************
[INFO ] 2023-04-20 00:55:24.113 [main] MyStoreV1 - Clicked on sign in link
[INFO ] 2023-04-20 00:55:24.265 [main] MyStoreV1 - Entered email address
[INFO ] 2023-04-20 00:55:24.402 [main] MyStoreV1 - Entered password
[INFO ] 2023-04-20 00:55:25.924 [main] MyStoreV1 - Clicked on sign in link..
[INFO ] 2023-04-20 00:55:25.979 [main] MyStoreV1 - VerifyLogin - Failed
[INFO ] 2023-04-21 01:02:36.100 [main] MyStoreV1 - url opened
[INFO ] 2023-04-21 01:04:13.179 [main] MyStoreV1 - url opened
[INFO ] 2023-04-21 01:06:08.873 [main] MyStoreV1 - url opened
[INFO ] 2023-04-21 01:08:39.909 [main] MyStoreV1 - url opened
[INFO ] 2023-04-21 01:09:28.272 [main] MyStoreV1 - url opened
[INFO ] 2023-04-21 01:12:01.970 [main] MyStoreV1 - url opened
[INFO ] 2023-04-21 01:12:04.038 [main] MyStoreV1 - ***************TestCase Verify Login starts*****************
[INFO ] 2023-04-21 01:12:05.202 [main] MyStoreV1 - Clicked on sign in link
[INFO ] 2023-04-21 01:12:05.353 [main] MyStoreV1 - Entered email address
[INFO ] 2023-04-21 01:12:05.503 [main] MyStoreV1 - Entered password
[INFO ] 2023-04-21 01:12:06.061 [main] MyStoreV1 - Clicked on sign in link..
[INFO ] 2023-04-21 01:12:16.131 [main] MyStoreV1 - ***************TestCase Verify Login starts*****************
[INFO ] 2023-04-21 01:12:17.015 [main] MyStoreV1 - Clicked on sign in link
[INFO ] 2023-04-21 01:12:17.122 [main] MyStoreV1 - Entered email address
[INFO ] 2023-04-21 01:12:17.244 [main] MyStoreV1 - Entered password
[INFO ] 2023-04-21 01:12:17.875 [main] MyStoreV1 - Clicked on sign in link..
[INFO ] 2023-04-21 01:15:33.171 [main] MyStoreV1 - url opened
[INFO ] 2023-04-21 01:15:34.651 [main] MyStoreV1 - ***************TestCase Verify Login starts*****************
[INFO ] 2023-04-21 01:15:35.880 [main] MyStoreV1 - Clicked on sign in link
[INFO ] 2023-04-21 01:15:36.006 [main] MyStoreV1 - Entered email address
[INFO ] 2023-04-21 01:15:36.154 [main] MyStoreV1 - Entered password
[INFO ] 2023-04-21 01:15:36.810 [main] MyStoreV1 - Clicked on sign in link..
[INFO ] 2023-04-21 01:15:46.895 [main] MyStoreV1 - ***************TestCase Verify Login starts*****************
[INFO ] 2023-04-21 01:15:47.786 [main] MyStoreV1 - Clicked on sign in link
[INFO ] 2023-04-21 01:15:47.898 [main] MyStoreV1 - Entered email address
[INFO ] 2023-04-21 01:15:47.996 [main] MyStoreV1 - Entered password
[INFO ] 2023-04-21 01:15:48.716 [main] MyStoreV1 - Clicked on sign in link..
[INFO ] 2023-04-21 01:24:40.844 [main] MyStoreV1 - url opened
[INFO ] 2023-04-21 01:24:42.290 [main] MyStoreV1 - ***************TestCase Verify Login starts*****************
[INFO ] 2023-04-21 01:24:43.456 [main] MyStoreV1 - Clicked on sign in link
[INFO ] 2023-04-21 01:24:43.603 [main] MyStoreV1 - Entered email address
[INFO ] 2023-04-21 01:24:43.765 [main] MyStoreV1 - Entered password
[INFO ] 2023-04-21 01:24:44.359 [main] MyStoreV1 - Clicked on sign in link..
[INFO ] 2023-04-21 01:24:54.396 [main] MyStoreV1 - ***************TestCase Verify Login starts*****************
[INFO ] 2023-04-21 01:24:55.327 [main] MyStoreV1 - Clicked on sign in link
[INFO ] 2023-04-21 01:24:55.488 [main] MyStoreV1 - Entered email address
[INFO ] 2023-04-21 01:24:55.648 [main] MyStoreV1 - Entered password
[INFO ] 2023-04-21 01:24:56.433 [main] MyStoreV1 - Clicked on sign in link..
[INFO ] 2023-04-21 01:28:02.296 [main] MyStoreV1 - url opened
[INFO ] 2023-04-21 01:28:03.734 [main] MyStoreV1 - ***************TestCase Verify Login starts*****************
[INFO ] 2023-04-21 01:28:04.870 [main] MyStoreV1 - Clicked on sign in link
[INFO ] 2023-04-21 01:28:05.045 [main] MyStoreV1 - Entered email address
[INFO ] 2023-04-21 01:28:05.166 [main] MyStoreV1 - Entered password
[INFO ] 2023-04-21 01:28:05.792 [main] MyStoreV1 - Clicked on sign in link..
[INFO ] 2023-04-21 01:28:15.912 [main] MyStoreV1 - ***************TestCase Verify Login starts*****************
[INFO ] 2023-04-21 01:28:16.718 [main] MyStoreV1 - Clicked on sign in link
[INFO ] 2023-04-21 01:28:16.832 [main] MyStoreV1 - Entered email address
[INFO ] 2023-04-21 01:28:16.927 [main] MyStoreV1 - Entered password
[INFO ] 2023-04-21 01:28:17.509 [main] MyStoreV1 - Clicked on sign in link..
[INFO ] 2023-04-21 01:31:17.794 [main] MyStoreV1 - url opened
[INFO ] 2023-04-21 01:31:19.221 [main] MyStoreV1 - ***************TestCase Verify Login starts*****************
[INFO ] 2023-04-21 01:31:20.345 [main] MyStoreV1 - Clicked on sign in link
[INFO ] 2023-04-21 01:31:20.484 [main] MyStoreV1 - Entered email address
[INFO ] 2023-04-21 01:31:20.598 [main] MyStoreV1 - Entered password
[INFO ] 2023-04-21 01:31:21.270 [main] MyStoreV1 - Clicked on sign in link..
[INFO ] 2023-04-21 01:31:31.404 [main] MyStoreV1 - ***************TestCase Verify Login starts*****************
[INFO ] 2023-04-21 01:31:32.909 [main] MyStoreV1 - Clicked on sign in link
[INFO ] 2023-04-21 01:31:33.043 [main] MyStoreV1 - Entered email address
[INFO ] 2023-04-21 01:31:33.182 [main] MyStoreV1 - Entered password
[INFO ] 2023-04-21 01:31:33.809 [main] MyStoreV1 - Clicked on sign in link..
[INFO ] 2023-04-21 01:32:23.246 [main] MyStoreV1 - url opened
[INFO ] 2023-04-21 01:32:24.672 [main] MyStoreV1 - ***************TestCase Verify Login starts*****************
[INFO ] 2023-04-21 01:32:25.767 [main] MyStoreV1 - Clicked on sign in link
[INFO ] 2023-04-21 01:32:25.902 [main] MyStoreV1 - Entered email address
[INFO ] 2023-04-21 01:32:26.039 [main] MyStoreV1 - Entered password
[INFO ] 2023-04-21 01:32:26.785 [main] MyStoreV1 - Clicked on sign in link..
[INFO ] 2023-04-21 01:32:36.853 [main] MyStoreV1 - ***************TestCase Verify Login starts*****************
[INFO ] 2023-04-21 01:32:37.722 [main] MyStoreV1 - Clicked on sign in link
[INFO ] 2023-04-21 01:32:37.839 [main] MyStoreV1 - Entered email address
[INFO ] 2023-04-21 01:32:37.979 [main] MyStoreV1 - Entered password
[INFO ] 2023-04-21 01:32:38.538 [main] MyStoreV1 - Clicked on sign in link..
[INFO ] 2023-04-21 01:33:30.208 [main] MyStoreV1 - url opened
[INFO ] 2023-04-21 01:33:31.628 [main] MyStoreV1 - ***************TestCase Verify Login starts*****************
[INFO ] 2023-04-21 01:33:32.773 [main] MyStoreV1 - Clicked on sign in link
[INFO ] 2023-04-21 01:33:32.948 [main] MyStoreV1 - Entered email address
[INFO ] 2023-04-21 01:33:33.081 [main] MyStoreV1 - Entered password
[INFO ] 2023-04-21 01:33:34.315 [main] MyStoreV1 - Clicked on sign in link..
[INFO ] 2023-04-21 01:33:34.369 [main] MyStoreV1 - VerifyLogin - Passed
[INFO ] 2023-04-21 01:33:35.647 [main] MyStoreV1 - ***************TestCase Verify Login ends*****************
[INFO ] 2023-04-21 01:33:35.653 [main] MyStoreV1 - ***************TestCase Verify Login starts*****************
[INFO ] 2023-04-21 01:33:36.564 [main] MyStoreV1 - Clicked on sign in link
[INFO ] 2023-04-21 01:33:36.669 [main] MyStoreV1 - Entered email address
[INFO ] 2023-04-21 01:33:36.781 [main] MyStoreV1 - Entered password
[INFO ] 2023-04-21 01:33:37.716 [main] MyStoreV1 - Clicked on sign in link..
[INFO ] 2023-04-21 01:33:37.752 [main] MyStoreV1 - VerifyLogin - Passed
[INFO ] 2023-04-21 01:33:38.843 [main] MyStoreV1 - ***************TestCase Verify Login ends*****************
[INFO ] 2023-04-22 17:52:47.575 [main] MyStoreV1 - url opened
[INFO ] 2023-04-22 17:52:47.638 [main] MyStoreV1 - ***************TestCase Verify Sign out starts*****************
[INFO ] 2023-04-22 17:52:48.739 [main] MyStoreV1 - Clicked on sign in link
[INFO ] 2023-04-22 17:52:48.874 [main] MyStoreV1 - Entered email address
[INFO ] 2023-04-22 17:52:49.007 [main] MyStoreV1 - Entered password
[INFO ] 2023-04-22 17:52:50.184 [main] MyStoreV1 - Clicked on sign in link..
[INFO ] 2023-04-22 17:52:51.290 [main] MyStoreV1 - VerifySignOut - Passed
[INFO ] 2023-04-22 17:52:51.293 [main] MyStoreV1 - ***************TestCase Verify Sign out ends*****************
[INFO ] 2023-04-22 17:53:30.056 [main] MyStoreV1 - url opened
[INFO ] 2023-04-22 17:53:30.125 [main] MyStoreV1 - 
***************TestCase Search Product started*****************
[INFO ] 2023-04-22 17:53:31.321 [main] MyStoreV1 - User Email and Password entered.
[INFO ] 2023-04-22 17:53:32.834 [main] MyStoreV1 - Sign In link clicked
[INFO ] 2023-04-22 17:53:34.449 [main] MyStoreV1 - Search Product testcase - Passed
[INFO ] 2023-04-22 17:53:35.535 [main] MyStoreV1 - ***************TestCase Search Product ends*****************
[INFO ] 2023-04-22 17:54:38.126 [main] MyStoreV1 - url opened
[INFO ] 2023-04-22 17:54:38.191 [main] MyStoreV1 - 
***************TestCase Buy Product started*****************
[INFO ] 2023-04-22 17:54:39.513 [main] MyStoreV1 - User Email and Password entered.
[INFO ] 2023-04-22 17:54:40.794 [main] MyStoreV1 - Sign In link clicked
[INFO ] 2023-04-22 17:54:40.930 [main] MyStoreV1 - T-shirt entered in search box
[INFO ] 2023-04-22 17:54:42.047 [main] MyStoreV1 - clicked on search button
[INFO ] 2023-04-22 17:54:43.515 [main] MyStoreV1 - Clicked on more button
[INFO ] 2023-04-22 23:54:32.677 [main] MyStoreV1 - url opened
[INFO ] 2023-04-22 23:54:32.726 [main] MyStoreV1 - 
***************TestCase Buy Product started*****************
[INFO ] 2023-04-22 23:54:33.966 [main] MyStoreV1 - User Email and Password entered.
[INFO ] 2023-04-22 23:54:35.230 [main] MyStoreV1 - Sign In link clicked
[INFO ] 2023-04-22 23:54:35.351 [main] MyStoreV1 - T-shirt entered in search box
[INFO ] 2023-04-22 23:54:36.504 [main] MyStoreV1 - clicked on search button
[INFO ] 2023-04-22 23:54:37.988 [main] MyStoreV1 - Clicked on more button
[INFO ] 2023-04-22 23:57:37.596 [main] MyStoreV1 - url opened
[INFO ] 2023-04-22 23:57:37.677 [main] MyStoreV1 - 
***************TestCase Buy Product started*****************
[INFO ] 2023-04-22 23:57:38.929 [main] MyStoreV1 - User Email and Password entered.
[INFO ] 2023-04-22 23:57:40.218 [main] MyStoreV1 - Sign In link clicked
[INFO ] 2023-04-22 23:57:40.329 [main] MyStoreV1 - Dresses entered in search box
[INFO ] 2023-04-22 23:57:41.538 [main] MyStoreV1 - clicked on search button
[INFO ] 2023-04-22 23:57:42.863 [main] MyStoreV1 - Clicked on more button
[INFO ] 2023-04-22 23:57:46.992 [main] MyStoreV1 - quantity 2 entereed
[INFO ] 2023-04-22 23:57:47.137 [main] MyStoreV1 - size M entered
[INFO ] 2023-04-22 23:57:47.210 [main] MyStoreV1 - Clicked on add to cart
[INFO ] 2023-04-22 23:57:48.476 [main] MyStoreV1 - Clicked on proceed to checkout on product page
[INFO ] 2023-04-22 23:57:49.404 [main] MyStoreV1 - Clicked on proceed to checkout on order summary page
[INFO ] 2023-04-22 23:57:50.255 [main] MyStoreV1 - Clicked on proceed to checkout on order address page
[INFO ] 2023-04-22 23:57:50.343 [main] MyStoreV1 - selecged term of service check box
[INFO ] 2023-04-22 23:57:51.164 [main] MyStoreV1 - Clicked on proceed to checkout on order shipping page
[INFO ] 2023-04-22 23:57:51.181 [main] MyStoreV1 - http://automationpractice.pl/index.php?controller=order
[INFO ] 2023-04-22 23:57:51.761 [main] MyStoreV1 - Clicked on pay by cheque
[INFO ] 2023-04-22 23:58:03.800 [main] MyStoreV1 - Clicked on confirmed order
[INFO ] 2023-04-22 23:58:03.845 [main] MyStoreV1 - VerifyBuyProduct - Passed
[INFO ] 2023-04-22 23:58:05.499 [main] MyStoreV1 - ***************TestCase BuyProduct ends*****************
[INFO ] 2023-04-23 00:05:22.585 [main] MyStoreV1 - url opened
[INFO ] 2023-04-23 00:05:22.632 [main] MyStoreV1 - ***************TestCase Verify Login starts*****************
[INFO ] 2023-04-23 00:05:24.022 [main] MyStoreV1 - Clicked on sign in link
[INFO ] 2023-04-23 00:05:24.213 [main] MyStoreV1 - Entered email address
[INFO ] 2023-04-23 00:05:24.360 [main] MyStoreV1 - Entered password
[INFO ] 2023-04-23 00:05:25.458 [main] MyStoreV1 - Clicked on sign in link..
[INFO ] 2023-04-23 00:05:25.503 [main] MyStoreV1 - VerifyLogin - Passed
[INFO ] 2023-04-23 00:05:26.640 [main] MyStoreV1 - ***************TestCase Verify Login ends*****************
[INFO ] 2023-04-23 00:05:26.671 [main] MyStoreV1 - ***************TestCase Verify Sign out starts*****************
[INFO ] 2023-04-23 00:05:27.512 [main] MyStoreV1 - Clicked on sign in link
[INFO ] 2023-04-23 00:05:27.640 [main] MyStoreV1 - Entered email address
[INFO ] 2023-04-23 00:05:27.770 [main] MyStoreV1 - Entered password
[INFO ] 2023-04-23 00:05:28.672 [main] MyStoreV1 - Clicked on sign in link..
[INFO ] 2023-04-23 00:05:29.815 [main] MyStoreV1 - VerifySignOut - Passed
[INFO ] 2023-04-23 00:05:29.816 [main] MyStoreV1 - ***************TestCase Verify Sign out ends*****************
[INFO ] 2023-04-23 00:05:30.636 [main] MyStoreV1 - Clicked on sign in link
[INFO ] 2023-04-23 00:05:30.749 [main] MyStoreV1 - Email address entered in create account section.
[INFO ] 2023-04-23 00:05:30.826 [main] MyStoreV1 - clicked on create an account button
[INFO ] 2023-04-23 00:05:48.177 [main] MyStoreV1 - url opened
[INFO ] 2023-04-23 00:05:48.183 [main] MyStoreV1 - 
***************TestCase Buy Product started*****************
[INFO ] 2023-04-23 00:05:49.402 [main] MyStoreV1 - User Email and Password entered.
[INFO ] 2023-04-23 00:05:50.736 [main] MyStoreV1 - Sign In link clicked
[INFO ] 2023-04-23 00:05:50.838 [main] MyStoreV1 - Dresses entered in search box
[INFO ] 2023-04-23 00:05:52.035 [main] MyStoreV1 - clicked on search button
[INFO ] 2023-04-23 00:05:53.369 [main] MyStoreV1 - Clicked on more button
[INFO ] 2023-04-23 00:05:57.495 [main] MyStoreV1 - quantity 2 entereed
[INFO ] 2023-04-23 00:05:57.635 [main] MyStoreV1 - size M entered
[INFO ] 2023-04-23 00:05:57.707 [main] MyStoreV1 - Clicked on add to cart
[INFO ] 2023-04-23 00:05:59.227 [main] MyStoreV1 - Clicked on proceed to checkout on product page
[INFO ] 2023-04-23 00:06:00.221 [main] MyStoreV1 - Clicked on proceed to checkout on order summary page
[INFO ] 2023-04-23 00:06:01.053 [main] MyStoreV1 - Clicked on proceed to checkout on order address page
[INFO ] 2023-04-23 00:06:01.140 [main] MyStoreV1 - selecged term of service check box
[INFO ] 2023-04-23 00:06:02.392 [main] MyStoreV1 - Clicked on proceed to checkout on order shipping page
[INFO ] 2023-04-23 00:06:02.416 [main] MyStoreV1 - http://automationpractice.pl/index.php?controller=order
[INFO ] 2023-04-23 00:06:03.265 [main] MyStoreV1 - Clicked on pay by cheque
[INFO ] 2023-04-23 00:06:15.234 [main] MyStoreV1 - Clicked on confirmed order
[INFO ] 2023-04-23 00:06:15.286 [main] MyStoreV1 - VerifyBuyProduct - Passed
[INFO ] 2023-04-23 00:06:17.096 [main] MyStoreV1 - ***************TestCase BuyProduct ends*****************
[INFO ] 2023-04-23 00:06:17.107 [main] MyStoreV1 - 
***************TestCase Search Product started*****************
[INFO ] 2023-04-23 00:06:18.188 [main] MyStoreV1 - User Email and Password entered.
[INFO ] 2023-04-23 00:06:19.165 [main] MyStoreV1 - Sign In link clicked
[INFO ] 2023-04-23 00:06:20.220 [main] MyStoreV1 - Search Product testcase - Failed
[INFO ] 2023-04-23 00:07:43.973 [main] MyStoreV1 - url opened
[INFO ] 2023-04-23 00:07:44.027 [main] MyStoreV1 - 
***************TestCase Buy Product started*****************
[INFO ] 2023-04-23 00:07:45.269 [main] MyStoreV1 - User Email and Password entered.
[INFO ] 2023-04-23 00:07:46.621 [main] MyStoreV1 - Sign In link clicked
[INFO ] 2023-04-23 00:07:46.745 [main] MyStoreV1 - Dresses entered in search box
[INFO ] 2023-04-23 00:07:48.013 [main] MyStoreV1 - clicked on search button
[INFO ] 2023-04-23 00:07:49.433 [main] MyStoreV1 - Clicked on more button
[INFO ] 2023-04-23 00:07:53.566 [main] MyStoreV1 - quantity 2 entereed
[INFO ] 2023-04-23 00:07:53.719 [main] MyStoreV1 - size M entered
[INFO ] 2023-04-23 00:07:53.800 [main] MyStoreV1 - Clicked on add to cart
[INFO ] 2023-04-23 00:07:55.080 [main] MyStoreV1 - Clicked on proceed to checkout on product page
[INFO ] 2023-04-23 00:07:56.050 [main] MyStoreV1 - Clicked on proceed to checkout on order summary page
[INFO ] 2023-04-23 00:07:57.374 [main] MyStoreV1 - Clicked on proceed to checkout on order address page
[INFO ] 2023-04-23 00:07:57.457 [main] MyStoreV1 - selecged term of service check box
[INFO ] 2023-04-23 00:07:58.297 [main] MyStoreV1 - Clicked on proceed to checkout on order shipping page
[INFO ] 2023-04-23 00:07:58.324 [main] MyStoreV1 - http://automationpractice.pl/index.php?controller=order
[INFO ] 2023-04-23 00:07:59.115 [main] MyStoreV1 - Clicked on pay by cheque
[INFO ] 2023-04-23 00:08:10.231 [main] MyStoreV1 - Clicked on confirmed order
[INFO ] 2023-04-23 00:08:10.275 [main] MyStoreV1 - VerifyBuyProduct - Passed
[INFO ] 2023-04-23 00:08:13.385 [main] MyStoreV1 - ***************TestCase BuyProduct ends*****************
[INFO ] 2023-04-23 00:08:13.396 [main] MyStoreV1 - 
***************TestCase Search Product started*****************
[INFO ] 2023-04-23 00:08:14.712 [main] MyStoreV1 - User Email and Password entered.
[INFO ] 2023-04-23 00:08:15.693 [main] MyStoreV1 - Sign In link clicked
[INFO ] 2023-04-23 00:08:16.576 [main] MyStoreV1 - Search Product testcase - Failed
[INFO ] 2023-04-23 00:10:12.406 [main] MyStoreV1 - url opened
[INFO ] 2023-04-23 00:10:12.460 [main] MyStoreV1 - 
***************TestCase Search Product started*****************
[INFO ] 2023-04-23 00:10:13.679 [main] MyStoreV1 - User Email and Password entered.
[INFO ] 2023-04-23 00:10:14.889 [main] MyStoreV1 - Sign In link clicked
[INFO ] 2023-04-23 00:10:16.084 [main] MyStoreV1 - Search Product testcase - Passed
[INFO ] 2023-04-23 00:10:17.112 [main] MyStoreV1 - ***************TestCase Search Product ends*****************
[INFO ] 2023-04-23 00:11:25.189 [main] MyStoreV1 - url opened
[INFO ] 2023-04-23 00:11:25.225 [main] MyStoreV1 - ***************TestCase Verify Login starts*****************
[INFO ] 2023-04-23 00:11:26.370 [main] MyStoreV1 - Clicked on sign in link
[INFO ] 2023-04-23 00:11:26.520 [main] MyStoreV1 - Entered email address
[INFO ] 2023-04-23 00:11:26.649 [main] MyStoreV1 - Entered password
[INFO ] 2023-04-23 00:11:27.875 [main] MyStoreV1 - Clicked on sign in link..
[INFO ] 2023-04-23 00:11:27.924 [main] MyStoreV1 - VerifyLogin - Passed
[INFO ] 2023-04-23 00:11:29.115 [main] MyStoreV1 - ***************TestCase Verify Login ends*****************
[INFO ] 2023-04-23 00:11:29.136 [main] MyStoreV1 - ***************TestCase Verify Sign out starts*****************
[INFO ] 2023-04-23 00:11:29.973 [main] MyStoreV1 - Clicked on sign in link
[INFO ] 2023-04-23 00:11:30.101 [main] MyStoreV1 - Entered email address
[INFO ] 2023-04-23 00:11:30.216 [main] MyStoreV1 - Entered password
[INFO ] 2023-04-23 00:11:31.176 [main] MyStoreV1 - Clicked on sign in link..
[INFO ] 2023-04-23 00:11:32.502 [main] MyStoreV1 - VerifySignOut - Passed
[INFO ] 2023-04-23 00:11:32.502 [main] MyStoreV1 - ***************TestCase Verify Sign out ends*****************
[INFO ] 2023-04-23 00:11:33.382 [main] MyStoreV1 - Clicked on sign in link
[INFO ] 2023-04-23 00:11:33.513 [main] MyStoreV1 - Email address entered in create account section.
[INFO ] 2023-04-23 00:11:33.631 [main] MyStoreV1 - clicked on create an account button
[INFO ] 2023-04-23 00:11:35.286 [main] MyStoreV1 - entered user details on account creation page.
[INFO ] 2023-04-23 00:11:41.547 [main] MyStoreV1 - clicked on Register button
[INFO ] 2023-04-23 00:11:41.596 [main] MyStoreV1 - ***************TestCase Verify Registration and Login ends*****************
[INFO ] 2023-04-23 00:11:48.920 [main] MyStoreV1 - url opened
[INFO ] 2023-04-23 00:11:48.929 [main] MyStoreV1 - 
***************TestCase Buy Product started*****************
[INFO ] 2023-04-23 00:11:50.272 [main] MyStoreV1 - User Email and Password entered.
[INFO ] 2023-04-23 00:11:51.500 [main] MyStoreV1 - Sign In link clicked
[INFO ] 2023-04-23 00:11:51.620 [main] MyStoreV1 - Dresses entered in search box
[INFO ] 2023-04-23 00:11:52.641 [main] MyStoreV1 - clicked on search button
[INFO ] 2023-04-23 00:11:54.029 [main] MyStoreV1 - Clicked on more button
[INFO ] 2023-04-23 00:11:58.157 [main] MyStoreV1 - quantity 2 entereed
[INFO ] 2023-04-23 00:11:58.302 [main] MyStoreV1 - size M entered
[INFO ] 2023-04-23 00:11:58.376 [main] MyStoreV1 - Clicked on add to cart
[INFO ] 2023-04-23 00:11:59.605 [main] MyStoreV1 - Clicked on proceed to checkout on product page
[INFO ] 2023-04-23 00:12:00.543 [main] MyStoreV1 - Clicked on proceed to checkout on order summary page
[INFO ] 2023-04-23 00:12:01.308 [main] MyStoreV1 - Clicked on proceed to checkout on order address page
[INFO ] 2023-04-23 00:12:01.389 [main] MyStoreV1 - selecged term of service check box
[INFO ] 2023-04-23 00:12:02.076 [main] MyStoreV1 - Clicked on proceed to checkout on order shipping page
[INFO ] 2023-04-23 00:12:02.086 [main] MyStoreV1 - http://automationpractice.pl/index.php?controller=order
[INFO ] 2023-04-23 00:12:02.680 [main] MyStoreV1 - Clicked on pay by cheque
[INFO ] 2023-04-23 00:12:15.408 [main] MyStoreV1 - Clicked on confirmed order
[INFO ] 2023-04-23 00:12:15.465 [main] MyStoreV1 - VerifyBuyProduct - Passed
[INFO ] 2023-04-23 00:12:18.303 [main] MyStoreV1 - ***************TestCase BuyProduct ends*****************
[INFO ] 2023-04-23 00:12:18.316 [main] MyStoreV1 - 
***************TestCase Search Product started*****************
[INFO ] 2023-04-23 00:12:19.275 [main] MyStoreV1 - User Email and Password entered.
[INFO ] 2023-04-23 00:12:20.165 [main] MyStoreV1 - Sign In link clicked
[INFO ] 2023-04-23 00:12:21.169 [main] MyStoreV1 - Search Product testcase - Passed
[INFO ] 2023-04-23 00:12:22.105 [main] MyStoreV1 - ***************TestCase Search Product ends*****************
[INFO ] 2023-04-23 00:27:42.265 [main] MyStoreV1 - url opened
[INFO ] 2023-04-23 00:27:42.309 [main] MyStoreV1 - 
***************TestCase Buy Product started*****************
[INFO ] 2023-04-23 00:27:43.716 [main] MyStoreV1 - User Email and Password entered.
[INFO ] 2023-04-23 00:27:44.994 [main] MyStoreV1 - Sign In link clicked
[INFO ] 2023-04-23 00:27:45.123 [main] MyStoreV1 - Dresses entered in search box
[INFO ] 2023-04-23 00:27:46.188 [main] MyStoreV1 - clicked on search button
[INFO ] 2023-04-23 00:27:47.377 [main] MyStoreV1 - Clicked on more button
[INFO ] 2023-04-23 00:27:51.518 [main] MyStoreV1 - quantity 2 entereed
[INFO ] 2023-04-23 00:27:51.678 [main] MyStoreV1 - size M entered
[INFO ] 2023-04-23 00:27:51.762 [main] MyStoreV1 - Clicked on add to cart
[INFO ] 2023-04-23 00:27:53.018 [main] MyStoreV1 - Clicked on proceed to checkout on product page
[INFO ] 2023-04-23 00:27:54.008 [main] MyStoreV1 - Clicked on proceed to checkout on order summary page
[INFO ] 2023-04-23 00:27:54.765 [main] MyStoreV1 - Clicked on proceed to checkout on order address page
[INFO ] 2023-04-23 00:27:54.864 [main] MyStoreV1 - selecged term of service check box
[INFO ] 2023-04-23 00:27:55.615 [main] MyStoreV1 - Clicked on proceed to checkout on order shipping page
[INFO ] 2023-04-23 00:27:55.625 [main] MyStoreV1 - http://automationpractice.pl/index.php?controller=order
[INFO ] 2023-04-23 00:27:56.146 [main] MyStoreV1 - Clicked on pay by cheque
[INFO ] 2023-04-23 00:28:08.643 [main] MyStoreV1 - Clicked on confirmed order
[INFO ] 2023-04-23 00:28:08.755 [main] MyStoreV1 - VerifyBuyProduct - Passed
[INFO ] 2023-04-23 00:28:11.769 [main] MyStoreV1 - ***************TestCase BuyProduct ends*****************
[INFO ] 2023-04-23 00:28:11.789 [main] MyStoreV1 - 
***************TestCase Search Product started*****************
[INFO ] 2023-04-23 00:28:12.971 [main] MyStoreV1 - User Email and Password entered.
[INFO ] 2023-04-23 00:28:14.186 [main] MyStoreV1 - Sign In link clicked
[INFO ] 2023-04-23 00:28:15.186 [main] MyStoreV1 - Search Product testcase - Passed
[INFO ] 2023-04-23 00:28:16.196 [main] MyStoreV1 - ***************TestCase Search Product ends*****************
[INFO ] 2023-04-23 01:16:49.339 [main] MyStoreV1 - url opened
[INFO ] 2023-04-23 01:16:49.362 [main] MyStoreV1 - ***************TestCase Verify Login starts*****************
[INFO ] 2023-04-23 01:16:50.565 [main] MyStoreV1 - Clicked on sign in link
[INFO ] 2023-04-23 01:16:50.701 [main] MyStoreV1 - Entered email address
[INFO ] 2023-04-23 01:16:50.836 [main] MyStoreV1 - Entered password
[INFO ] 2023-04-23 01:16:51.938 [main] MyStoreV1 - Clicked on sign in link..
[INFO ] 2023-04-23 01:16:51.986 [main] MyStoreV1 - VerifyLogin - Passed
[INFO ] 2023-04-23 01:16:53.129 [main] MyStoreV1 - ***************TestCase Verify Login ends*****************
[INFO ] 2023-04-23 01:16:53.146 [main] MyStoreV1 - ***************TestCase Verify Sign out starts*****************
[INFO ] 2023-04-23 01:16:53.960 [main] MyStoreV1 - Clicked on sign in link
[INFO ] 2023-04-23 01:16:54.061 [main] MyStoreV1 - Entered email address
[INFO ] 2023-04-23 01:16:54.161 [main] MyStoreV1 - Entered password
[INFO ] 2023-04-23 01:16:54.827 [main] MyStoreV1 - Clicked on sign in link..
[INFO ] 2023-04-23 01:17:05.867 [main] MyStoreV1 - Clicked on sign in link
[INFO ] 2023-04-23 01:17:05.994 [main] MyStoreV1 - Email address entered in create account section.
[INFO ] 2023-04-23 01:17:06.077 [main] MyStoreV1 - clicked on create an account button
[INFO ] 2023-04-23 01:17:23.575 [main] MyStoreV1 - url opened
[INFO ] 2023-04-23 01:17:23.579 [main] MyStoreV1 - 
***************TestCase Buy Product started*****************
[INFO ] 2023-04-23 01:17:24.883 [main] MyStoreV1 - User Email and Password entered.
[INFO ] 2023-04-23 01:17:26.284 [main] MyStoreV1 - Sign In link clicked
[INFO ] 2023-04-23 01:17:26.397 [main] MyStoreV1 - Dresses entered in search box
[INFO ] 2023-04-23 01:17:27.857 [main] MyStoreV1 - clicked on search button
[INFO ] 2023-04-23 01:17:29.312 [main] MyStoreV1 - Clicked on more button
[INFO ] 2023-04-23 01:17:33.446 [main] MyStoreV1 - quantity 2 entereed
[INFO ] 2023-04-23 01:17:33.584 [main] MyStoreV1 - size M entered
[INFO ] 2023-04-23 01:17:33.658 [main] MyStoreV1 - Clicked on add to cart
[INFO ] 2023-04-23 01:17:34.994 [main] MyStoreV1 - Clicked on proceed to checkout on product page
[INFO ] 2023-04-23 01:17:35.987 [main] MyStoreV1 - Clicked on proceed to checkout on order summary page
[INFO ] 2023-04-23 01:17:36.791 [main] MyStoreV1 - Clicked on proceed to checkout on order address page
[INFO ] 2023-04-23 01:17:36.873 [main] MyStoreV1 - selecged term of service check box
[INFO ] 2023-04-23 01:17:37.609 [main] MyStoreV1 - Clicked on proceed to checkout on order shipping page
[INFO ] 2023-04-23 01:17:37.617 [main] MyStoreV1 - http://automationpractice.pl/index.php?controller=order
[INFO ] 2023-04-23 01:17:38.194 [main] MyStoreV1 - Clicked on pay by cheque
[INFO ] 2023-04-23 01:17:51.375 [main] MyStoreV1 - Clicked on confirmed order
[INFO ] 2023-04-23 01:17:51.429 [main] MyStoreV1 - VerifyBuyProduct - Passed
[INFO ] 2023-04-23 01:17:54.079 [main] MyStoreV1 - ***************TestCase BuyProduct ends*****************
[INFO ] 2023-04-23 01:17:54.082 [main] MyStoreV1 - 
***************TestCase Search Product started*****************
[INFO ] 2023-04-23 01:17:55.243 [main] MyStoreV1 - User Email and Password entered.
[INFO ] 2023-04-23 01:17:58.354 [main] MyStoreV1 - Sign In link clicked
[INFO ] 2023-04-23 01:17:59.571 [main] MyStoreV1 - Search Product testcase - Passed
[INFO ] 2023-04-23 01:18:00.716 [main] MyStoreV1 - ***************TestCase Search Product ends*****************
[INFO ] 2023-04-23 11:21:45.551 [main] MyStoreV1 - url opened
[INFO ] 2023-04-23 11:21:45.593 [main] MyStoreV1 - ***************TestCase Verify Login starts*****************
[INFO ] 2023-04-23 11:21:46.734 [main] MyStoreV1 - Clicked on sign in link
[INFO ] 2023-04-23 11:21:46.871 [main] MyStoreV1 - Entered email address
[INFO ] 2023-04-23 11:21:47.005 [main] MyStoreV1 - Entered password
[INFO ] 2023-04-23 11:21:48.111 [main] MyStoreV1 - Clicked on sign in link..
[INFO ] 2023-04-23 11:21:48.163 [main] MyStoreV1 - VerifyLogin - Passed
[INFO ] 2023-04-23 11:21:49.457 [main] MyStoreV1 - ***************TestCase Verify Login ends*****************
[INFO ] 2023-04-23 11:21:49.479 [main] MyStoreV1 - ***************TestCase Verify Sign out starts*****************
[INFO ] 2023-04-23 11:21:50.384 [main] MyStoreV1 - Clicked on sign in link
[INFO ] 2023-04-23 11:21:50.499 [main] MyStoreV1 - Entered email address
[INFO ] 2023-04-23 11:21:50.634 [main] MyStoreV1 - Entered password
[INFO ] 2023-04-23 11:21:51.249 [main] MyStoreV1 - Clicked on sign in link..
[INFO ] 2023-04-23 11:22:02.231 [main] MyStoreV1 - Clicked on sign in link
[INFO ] 2023-04-23 11:22:02.353 [main] MyStoreV1 - Email address entered in create account section.
[INFO ] 2023-04-23 11:22:02.439 [main] MyStoreV1 - clicked on create an account button
[INFO ] 2023-04-23 11:22:19.431 [main] MyStoreV1 - url opened
[INFO ] 2023-04-23 11:22:19.439 [main] MyStoreV1 - 
***************TestCase Buy Product started*****************
[INFO ] 2023-04-23 11:22:20.692 [main] MyStoreV1 - User Email and Password entered.
[INFO ] 2023-04-23 11:22:21.847 [main] MyStoreV1 - Sign In link clicked
[INFO ] 2023-04-23 11:22:22.023 [main] MyStoreV1 - Dresses entered in search box
[INFO ] 2023-04-23 11:22:23.245 [main] MyStoreV1 - clicked on search button
[INFO ] 2023-04-23 11:22:24.535 [main] MyStoreV1 - Clicked on more button
[INFO ] 2023-04-23 11:22:28.670 [main] MyStoreV1 - quantity 2 entereed
[INFO ] 2023-04-23 11:22:28.808 [main] MyStoreV1 - size M entered
[INFO ] 2023-04-23 11:22:28.884 [main] MyStoreV1 - Clicked on add to cart
[INFO ] 2023-04-23 11:22:30.226 [main] MyStoreV1 - Clicked on proceed to checkout on product page
[INFO ] 2023-04-23 11:22:31.117 [main] MyStoreV1 - Clicked on proceed to checkout on order summary page
[INFO ] 2023-04-23 11:22:31.962 [main] MyStoreV1 - Clicked on proceed to checkout on order address page
[INFO ] 2023-04-23 11:22:32.048 [main] MyStoreV1 - selecged term of service check box
[INFO ] 2023-04-23 11:22:32.798 [main] MyStoreV1 - Clicked on proceed to checkout on order shipping page
[INFO ] 2023-04-23 11:22:32.813 [main] MyStoreV1 - http://automationpractice.pl/index.php?controller=order
[INFO ] 2023-04-23 11:22:33.394 [main] MyStoreV1 - Clicked on pay by cheque
[INFO ] 2023-04-23 11:22:45.306 [main] MyStoreV1 - Clicked on confirmed order
[INFO ] 2023-04-23 11:22:45.350 [main] MyStoreV1 - VerifyBuyProduct - Passed
[INFO ] 2023-04-23 11:22:46.834 [main] MyStoreV1 - ***************TestCase BuyProduct ends*****************
[INFO ] 2023-04-23 11:22:46.836 [main] MyStoreV1 - 
***************TestCase Search Product started*****************
[INFO ] 2023-04-23 11:22:47.870 [main] MyStoreV1 - User Email and Password entered.
[INFO ] 2023-04-23 11:22:48.821 [main] MyStoreV1 - Sign In link clicked
[INFO ] 2023-04-23 11:22:49.748 [main] MyStoreV1 - Search Product testcase - Passed
[INFO ] 2023-04-23 11:22:50.701 [main] MyStoreV1 - ***************TestCase Search Product ends*****************
[INFO ] 2023-04-23 14:22:06.019 [main] MyStoreV1 - url opened
[INFO ] 2023-04-23 14:22:06.049 [main] MyStoreV1 - ***************TestCase Verify Login starts*****************
[INFO ] 2023-04-23 14:22:07.270 [main] MyStoreV1 - Clicked on sign in link
[INFO ] 2023-04-23 14:22:07.437 [main] MyStoreV1 - Entered email address
[INFO ] 2023-04-23 14:22:07.584 [main] MyStoreV1 - Entered password
[INFO ] 2023-04-23 14:22:08.715 [main] MyStoreV1 - Clicked on sign in link..
[INFO ] 2023-04-23 14:22:08.769 [main] MyStoreV1 - VerifyLogin - Passed
[INFO ] 2023-04-23 14:22:09.878 [main] MyStoreV1 - ***************TestCase Verify Login ends*****************
[INFO ] 2023-04-23 14:22:09.899 [main] MyStoreV1 - ***************TestCase Verify Sign out starts*****************
[INFO ] 2023-04-23 14:22:10.721 [main] MyStoreV1 - Clicked on sign in link
[INFO ] 2023-04-23 14:22:10.840 [main] MyStoreV1 - Entered email address
[INFO ] 2023-04-23 14:22:10.946 [main] MyStoreV1 - Entered password
[INFO ] 2023-04-23 14:22:11.570 [main] MyStoreV1 - Clicked on sign in link..
[INFO ] 2023-04-23 14:22:22.826 [main] MyStoreV1 - Clicked on sign in link
[INFO ] 2023-04-23 14:22:22.960 [main] MyStoreV1 - Email address entered in create account section.
[INFO ] 2023-04-23 14:22:23.039 [main] MyStoreV1 - clicked on create an account button
[INFO ] 2023-04-23 14:22:40.242 [main] MyStoreV1 - url opened
[INFO ] 2023-04-23 14:22:40.247 [main] MyStoreV1 - 
***************TestCase Buy Product started*****************
[INFO ] 2023-04-23 14:22:41.543 [main] MyStoreV1 - User Email and Password entered.
[INFO ] 2023-04-23 14:22:42.750 [main] MyStoreV1 - Sign In link clicked
[INFO ] 2023-04-23 14:22:42.853 [main] MyStoreV1 - Dresses entered in search box
[INFO ] 2023-04-23 14:22:44.014 [main] MyStoreV1 - clicked on search button
[INFO ] 2023-04-23 14:22:45.301 [main] MyStoreV1 - Clicked on more button
[INFO ] 2023-04-23 14:22:49.433 [main] MyStoreV1 - quantity 2 entereed
[INFO ] 2023-04-23 14:22:49.572 [main] MyStoreV1 - size M entered
[INFO ] 2023-04-23 14:22:49.659 [main] MyStoreV1 - Clicked on add to cart
[INFO ] 2023-04-23 14:22:51.088 [main] MyStoreV1 - Clicked on proceed to checkout on product page
[INFO ] 2023-04-23 14:22:52.035 [main] MyStoreV1 - Clicked on proceed to checkout on order summary page
[INFO ] 2023-04-23 14:22:52.878 [main] MyStoreV1 - Clicked on proceed to checkout on order address page
[INFO ] 2023-04-23 14:22:52.966 [main] MyStoreV1 - selecged term of service check box
[INFO ] 2023-04-23 14:22:54.234 [main] MyStoreV1 - Clicked on proceed to checkout on order shipping page
[INFO ] 2023-04-23 14:22:54.266 [main] MyStoreV1 - http://automationpractice.pl/index.php?controller=order
[INFO ] 2023-04-23 14:22:55.081 [main] MyStoreV1 - Clicked on pay by cheque
[INFO ] 2023-04-23 14:23:05.892 [main] MyStoreV1 - Clicked on confirmed order
[INFO ] 2023-04-23 14:23:05.946 [main] MyStoreV1 - VerifyBuyProduct - Passed
[INFO ] 2023-04-23 14:23:07.430 [main] MyStoreV1 - ***************TestCase BuyProduct ends*****************
[INFO ] 2023-04-23 14:23:07.435 [main] MyStoreV1 - 
***************TestCase Search Product started*****************
[INFO ] 2023-04-23 14:23:08.430 [main] MyStoreV1 - User Email and Password entered.
[INFO ] 2023-04-23 14:23:09.507 [main] MyStoreV1 - Sign In link clicked
[INFO ] 2023-04-23 14:23:10.439 [main] MyStoreV1 - Search Product testcase - Passed
[INFO ] 2023-04-23 14:23:11.467 [main] MyStoreV1 - ***************TestCase Search Product ends*****************
[INFO ] 2023-04-23 14:27:59.548 [main] MyStoreV1 - url opened
[INFO ] 2023-04-23 14:27:59.581 [main] MyStoreV1 - ***************TestCase Verify Login starts*****************
[INFO ] 2023-04-23 14:28:00.759 [main] MyStoreV1 - Clicked on sign in link
[INFO ] 2023-04-23 14:28:00.902 [main] MyStoreV1 - Entered email address
[INFO ] 2023-04-23 14:28:01.045 [main] MyStoreV1 - Entered password
[INFO ] 2023-04-23 14:28:02.165 [main] MyStoreV1 - Clicked on sign in link..
[INFO ] 2023-04-23 14:28:02.217 [main] MyStoreV1 - VerifyLogin - Passed
[INFO ] 2023-04-23 14:28:03.277 [main] MyStoreV1 - ***************TestCase Verify Login ends*****************
[INFO ] 2023-04-23 14:28:03.299 [main] MyStoreV1 - ***************TestCase Verify Sign out starts*****************
[INFO ] 2023-04-23 14:28:04.107 [main] MyStoreV1 - Clicked on sign in link
[INFO ] 2023-04-23 14:28:04.217 [main] MyStoreV1 - Entered email address
[INFO ] 2023-04-23 14:28:04.359 [main] MyStoreV1 - Entered password
[INFO ] 2023-04-23 14:28:04.957 [main] MyStoreV1 - Clicked on sign in link..
[INFO ] 2023-04-23 14:28:15.983 [main] MyStoreV1 - Clicked on sign in link
[INFO ] 2023-04-23 14:28:16.134 [main] MyStoreV1 - Email address entered in create account section.
[INFO ] 2023-04-23 14:28:16.244 [main] MyStoreV1 - clicked on create an account button
[INFO ] 2023-04-23 14:28:33.801 [main] MyStoreV1 - url opened
[INFO ] 2023-04-23 14:28:33.806 [main] MyStoreV1 - 
***************TestCase Buy Product started*****************
[INFO ] 2023-04-23 14:28:35.049 [main] MyStoreV1 - User Email and Password entered.
[INFO ] 2023-04-23 14:28:36.429 [main] MyStoreV1 - Sign In link clicked
[INFO ] 2023-04-23 14:28:36.531 [main] MyStoreV1 - Dresses entered in search box
[INFO ] 2023-04-23 14:28:37.698 [main] MyStoreV1 - clicked on search button
[INFO ] 2023-04-23 14:28:39.108 [main] MyStoreV1 - Clicked on more button
[INFO ] 2023-04-23 14:28:43.244 [main] MyStoreV1 - quantity 2 entereed
[INFO ] 2023-04-23 14:28:43.389 [main] MyStoreV1 - size M entered
[INFO ] 2023-04-23 14:28:43.473 [main] MyStoreV1 - Clicked on add to cart
[INFO ] 2023-04-23 14:28:44.744 [main] MyStoreV1 - Clicked on proceed to checkout on product page
[INFO ] 2023-04-23 14:28:45.848 [main] MyStoreV1 - Clicked on proceed to checkout on order summary page
[INFO ] 2023-04-23 14:28:46.673 [main] MyStoreV1 - Clicked on proceed to checkout on order address page
[INFO ] 2023-04-23 14:28:46.772 [main] MyStoreV1 - selecged term of service check box
[INFO ] 2023-04-23 14:28:47.537 [main] MyStoreV1 - Clicked on proceed to checkout on order shipping page
[INFO ] 2023-04-23 14:28:47.544 [main] MyStoreV1 - http://automationpractice.pl/index.php?controller=order
[INFO ] 2023-04-23 14:28:48.107 [main] MyStoreV1 - Clicked on pay by cheque
[INFO ] 2023-04-23 14:28:59.978 [main] MyStoreV1 - Clicked on confirmed order
[INFO ] 2023-04-23 14:29:00.031 [main] MyStoreV1 - VerifyBuyProduct - Passed
[INFO ] 2023-04-23 14:29:01.518 [main] MyStoreV1 - ***************TestCase BuyProduct ends*****************
[INFO ] 2023-04-23 14:29:01.522 [main] MyStoreV1 - 
***************TestCase Search Product started*****************
[INFO ] 2023-04-23 14:29:02.709 [main] MyStoreV1 - User Email and Password entered.
[INFO ] 2023-04-23 14:29:03.710 [main] MyStoreV1 - Sign In link clicked
[INFO ] 2023-04-23 14:29:04.542 [main] MyStoreV1 - Search Product testcase - Passed
[INFO ] 2023-04-23 14:29:05.477 [main] MyStoreV1 - ***************TestCase Search Product ends*****************
[INFO ] 2023-04-23 18:15:06.877 [main] MyStoreV1 - url opened
[INFO ] 2023-04-23 18:15:06.903 [main] MyStoreV1 - 
***************TestCase verifyAddToWishlistWithoutLogin started*****************
[INFO ] 2023-04-23 22:54:49.437 [main] MyStoreV1 - url opened
[INFO ] 2023-04-23 22:54:49.511 [main] MyStoreV1 - 
***************TestCase verifyAddToWishlistWithoutLogin started*****************
[INFO ] 2023-04-23 22:58:59.874 [main] MyStoreV1 - url opened
[INFO ] 2023-04-23 22:58:59.924 [main] MyStoreV1 - 
***************TestCase verifyAddToWishlistWithoutLogin started*****************
[INFO ] 2023-04-23 23:01:38.761 [main] MyStoreV1 - url opened
[INFO ] 2023-04-23 23:01:38.820 [main] MyStoreV1 - 
***************TestCase verifyAddToWishlistWithoutLogin started*****************
[INFO ] 2023-04-23 23:03:01.885 [main] MyStoreV1 - url opened
[INFO ] 2023-04-23 23:03:01.913 [main] MyStoreV1 - 
***************TestCase verifyAddToWishlistWithoutLogin started*****************
[INFO ] 2023-04-23 23:04:19.057 [main] MyStoreV1 - url opened
[INFO ] 2023-04-23 23:04:19.111 [main] MyStoreV1 - 
***************TestCase verifyAddToWishlistWithoutLogin started*****************
[INFO ] 2023-04-24 00:22:52.753 [main] MyStoreV1 - url opened
[INFO ] 2023-04-24 00:22:52.789 [main] MyStoreV1 - ***************TestCase Verify Login starts*****************
[INFO ] 2023-04-24 00:22:53.999 [main] MyStoreV1 - Clicked on sign in link
[INFO ] 2023-04-24 00:22:54.158 [main] MyStoreV1 - Entered email address
[INFO ] 2023-04-24 00:22:54.291 [main] MyStoreV1 - Entered password
[INFO ] 2023-04-24 00:22:55.387 [main] MyStoreV1 - Clicked on sign in link..
[INFO ] 2023-04-24 00:22:55.448 [main] MyStoreV1 - VerifyLogin - Passed
[INFO ] 2023-04-24 00:22:56.658 [main] MyStoreV1 - ***************TestCase Verify Login ends*****************
[INFO ] 2023-04-24 00:22:56.678 [main] MyStoreV1 - ***************TestCase Verify Sign out starts*****************
[INFO ] 2023-04-24 00:22:57.539 [main] MyStoreV1 - Clicked on sign in link
[INFO ] 2023-04-24 00:22:57.665 [main] MyStoreV1 - Entered email address
[INFO ] 2023-04-24 00:22:57.786 [main] MyStoreV1 - Entered password
[INFO ] 2023-04-24 00:22:58.664 [main] MyStoreV1 - Clicked on sign in link..
[INFO ] 2023-04-24 00:22:59.859 [main] MyStoreV1 - VerifySignOut - Passed
[INFO ] 2023-04-24 00:22:59.859 [main] MyStoreV1 - ***************TestCase Verify Sign out ends*****************
[INFO ] 2023-04-24 00:23:00.681 [main] MyStoreV1 - Clicked on sign in link
[INFO ] 2023-04-24 00:23:00.820 [main] MyStoreV1 - Email address entered in create account section.
[INFO ] 2023-04-24 00:23:00.958 [main] MyStoreV1 - clicked on create an account button
[INFO ] 2023-04-24 00:23:18.165 [main] MyStoreV1 - url opened
[INFO ] 2023-04-24 00:23:18.167 [main] MyStoreV1 - 
***************TestCase verifyAddToWishlistWithoutLogin started*****************
[INFO ] 2023-04-24 00:27:42.874 [main] MyStoreV1 - url opened
[INFO ] 2023-04-24 00:27:42.908 [main] MyStoreV1 - ***************TestCase Verify Login starts*****************
[INFO ] 2023-04-24 00:27:44.063 [main] MyStoreV1 - Clicked on sign in link
[INFO ] 2023-04-24 00:27:44.200 [main] MyStoreV1 - Entered email address
[INFO ] 2023-04-24 00:27:44.328 [main] MyStoreV1 - Entered password
[INFO ] 2023-04-24 00:27:45.488 [main] MyStoreV1 - Clicked on sign in link..
[INFO ] 2023-04-24 00:27:45.550 [main] MyStoreV1 - VerifyLogin - Passed
[INFO ] 2023-04-24 00:27:46.861 [main] MyStoreV1 - ***************TestCase Verify Login ends*****************
[INFO ] 2023-04-24 00:27:46.879 [main] MyStoreV1 - ***************TestCase Verify Sign out starts*****************
[INFO ] 2023-04-24 00:27:47.756 [main] MyStoreV1 - Clicked on sign in link
[INFO ] 2023-04-24 00:27:47.884 [main] MyStoreV1 - Entered email address
[INFO ] 2023-04-24 00:27:48.011 [main] MyStoreV1 - Entered password
[INFO ] 2023-04-24 00:27:48.894 [main] MyStoreV1 - Clicked on sign in link..
[INFO ] 2023-04-24 00:27:50.015 [main] MyStoreV1 - VerifySignOut - Passed
[INFO ] 2023-04-24 00:27:50.016 [main] MyStoreV1 - ***************TestCase Verify Sign out ends*****************
[INFO ] 2023-04-24 00:27:50.850 [main] MyStoreV1 - Clicked on sign in link
[INFO ] 2023-04-24 00:27:50.980 [main] MyStoreV1 - Email address entered in create account section.
[INFO ] 2023-04-24 00:27:51.066 [main] MyStoreV1 - clicked on create an account button
[INFO ] 2023-04-24 00:28:08.183 [main] MyStoreV1 - url opened
[INFO ] 2023-04-24 00:28:08.185 [main] MyStoreV1 - 
***************TestCase verifyAddToWishlistWithoutLogin started*****************
[INFO ] 2023-04-24 01:41:52.049 [main] MyStoreV1 - url opened
[INFO ] 2023-04-24 01:41:52.071 [main] MyStoreV1 - ***************TestCase Verify Login starts*****************
[INFO ] 2023-04-24 01:41:53.244 [main] MyStoreV1 - Clicked on sign in link
[INFO ] 2023-04-24 01:41:53.440 [main] MyStoreV1 - Entered email address
[INFO ] 2023-04-24 01:41:53.582 [main] MyStoreV1 - Entered password
[INFO ] 2023-04-24 01:41:54.708 [main] MyStoreV1 - Clicked on sign in link..
[INFO ] 2023-04-24 01:41:54.764 [main] MyStoreV1 - VerifyLogin - Passed
[INFO ] 2023-04-24 01:41:56.024 [main] MyStoreV1 - ***************TestCase Verify Login ends*****************
[INFO ] 2023-04-24 01:41:56.041 [main] MyStoreV1 - ***************TestCase Verify Sign out starts*****************
[INFO ] 2023-04-24 01:41:56.944 [main] MyStoreV1 - Clicked on sign in link
[INFO ] 2023-04-24 01:41:57.107 [main] MyStoreV1 - Entered email address
[INFO ] 2023-04-24 01:41:57.226 [main] MyStoreV1 - Entered password
[INFO ] 2023-04-24 01:41:58.113 [main] MyStoreV1 - Clicked on sign in link..
[INFO ] 2023-04-24 01:41:59.341 [main] MyStoreV1 - VerifySignOut - Passed
[INFO ] 2023-04-24 01:41:59.341 [main] MyStoreV1 - ***************TestCase Verify Sign out ends*****************
[INFO ] 2023-04-24 01:42:00.140 [main] MyStoreV1 - Clicked on sign in link
[INFO ] 2023-04-24 01:42:00.267 [main] MyStoreV1 - Email address entered in create account section.
[INFO ] 2023-04-24 01:42:00.383 [main] MyStoreV1 - clicked on create an account button
[INFO ] 2023-04-24 01:42:19.051 [main] MyStoreV1 - url opened
[INFO ] 2023-04-24 01:42:19.054 [main] MyStoreV1 - 
***************TestCase verifyAddToWishlistWithoutLogin started*****************
